setting 'ivy.default.settings.dir' to 'jar:file:/usr/local/bin/sbt-launch.jar!/org/apache/ivy/core/settings'
setting 'ivy.basedir' to '/home/hadoop/amplab/spark-0.7.2/codes/Job/.'
setting 'ivy.default.conf.dir' to 'jar:file:/usr/local/bin/sbt-launch.jar!/org/apache/ivy/core/settings'
impossible to define new type: class not found: org.apache.ivy.plugins.version.PatternVersionMatcher in [] nor Ivy classloader
impossible to define new type: class not found: org.apache.ivy.plugins.trigger.LogTrigger in [] nor Ivy classloader
impossible to define new type: class not found: org.apache.ivy.plugins.resolver.VsftpResolver in [] nor Ivy classloader
impossible to define new type: class not found: org.apache.ivy.plugins.conflict.RegexpConflictManager in [] nor Ivy classloader
impossible to define new type: class not found: org.apache.ivy.plugins.resolver.SshResolver in [] nor Ivy classloader
impossible to define new type: class not found: org.apache.ivy.plugins.resolver.VfsResolver in [] nor Ivy classloader
impossible to define new type: class not found: org.apache.ivy.plugins.resolver.SFTPResolver in [] nor Ivy classloader
impossible to define new type: class not found: org.apache.ivy.plugins.resolver.packager.PackagerResolver in [] nor Ivy classloader
impossible to define new type: class not found: org.apache.ivy.ant.AntCallTrigger in [] nor Ivy classloader
impossible to define new type: class not found: org.apache.ivy.plugins.resolver.IvyRepResolver in [] nor Ivy classloader
impossible to define new type: class not found: org.apache.ivy.ant.AntBuildTrigger in [] nor Ivy classloader
impossible to define glob matcher: org.apache.ivy.plugins.matcher.GlobPatternMatcher was not found.
setting 'java.runtime.name' to 'Java(TM) SE Runtime Environment'
setting 'sun.boot.library.path' to '/usr/java/latest/jre/lib/amd64'
setting 'java.vm.version' to '20.7-b02'
setting 'java.vm.vendor' to 'Sun Microsystems Inc.'
setting 'java.vendor.url' to 'http://java.sun.com/'
setting 'path.separator' to ':'
setting 'java.vm.name' to 'Java HotSpot(TM) 64-Bit Server VM'
setting 'file.encoding.pkg' to 'sun.io'
setting 'sun.java.launcher' to 'SUN_STANDARD'
setting 'user.country' to 'US'
setting 'sun.os.patch.level' to 'unknown'
setting 'java.vm.specification.name' to 'Java Virtual Machine Specification'
setting 'user.dir' to '/home/hadoop/amplab/spark-0.7.2/codes/Job'
setting 'java.runtime.version' to '1.6.0_32-b05'
setting 'java.awt.graphicsenv' to 'sun.awt.X11GraphicsEnvironment'
setting 'java.endorsed.dirs' to '/usr/java/latest/jre/lib/endorsed'
setting 'os.arch' to 'amd64'
setting 'java.io.tmpdir' to '/tmp'
setting 'line.separator' to '
'
setting 'java.vm.specification.vendor' to 'Sun Microsystems Inc.'
setting 'os.name' to 'Linux'
setting 'sun.jnu.encoding' to 'UTF-8'
setting 'java.library.path' to '/usr/java/latest/jre/lib/amd64/server:/usr/java/latest/jre/lib/amd64:/usr/java/latest/jre/../lib/amd64:/usr/java/packages/lib/amd64:/usr/lib64:/lib64:/lib:/usr/lib'
setting 'java.specification.name' to 'Java Platform API Specification'
setting 'java.class.version' to '50.0'
setting 'sun.management.compiler' to 'HotSpot 64-Bit Tiered Compilers'
setting 'os.version' to '2.6.32-131.0.15.el6.x86_64'
setting 'user.home' to '/home/hadoop'
setting 'user.timezone' to 'Asia/Shanghai'
setting 'java.awt.printerjob' to 'sun.print.PSPrinterJob'
setting 'file.encoding' to 'UTF-8'
setting 'java.specification.version' to '1.6'
setting 'java.class.path' to '/usr/local/bin/sbt-launch.jar'
setting 'user.name' to 'hadoop'
setting 'java.vm.specification.version' to '1.0'
setting 'sun.java.command' to '/usr/local/bin/sbt-launch.jar package'
setting 'java.home' to '/usr/java/latest/jre'
setting 'sun.arch.data.model' to '64'
setting 'user.language' to 'en'
setting 'java.specification.vendor' to 'Sun Microsystems Inc.'
setting 'java.vm.info' to 'mixed mode'
setting 'java.version' to '1.6.0_32'
setting 'java.ext.dirs' to '/usr/java/latest/jre/lib/ext:/usr/java/packages/lib/ext'
setting 'sun.boot.class.path' to '/usr/java/latest/jre/lib/resources.jar:/usr/java/latest/jre/lib/rt.jar:/usr/java/latest/jre/lib/sunrsasign.jar:/usr/java/latest/jre/lib/jsse.jar:/usr/java/latest/jre/lib/jce.jar:/usr/java/latest/jre/lib/charsets.jar:/usr/java/latest/jre/lib/modules/jdk.boot.jar:/usr/java/latest/jre/classes'
setting 'java.vendor' to 'Sun Microsystems Inc.'
setting 'file.separator' to '/'
setting 'java.vendor.url.bug' to 'http://java.sun.com/cgi-bin/bugreport.cgi'
setting 'sun.io.unicode.encoding' to 'UnicodeLittle'
setting 'sun.cpu.endian' to 'little'
setting 'sun.desktop' to 'gnome'
setting 'sun.cpu.isalist' to ''
setting 'ivy.default.ivy.user.dir' to '/home/hadoop/.ivy2'
setting 'ivy.home' to '/home/hadoop/.ivy2'
no default ivy user dir defined: set to /home/hadoop/.ivy2
setting 'ivy.cache.dir' to '/home/hadoop/.ivy2/cache'
no default cache defined: set to /home/hadoop/.ivy2/cache
setting 'ivy.basedir' to '/home/hadoop/amplab/spark-0.7.2/codes/Job/project/boot'
setting 'basedir' to '/home/hadoop/amplab/spark-0.7.2/codes/Job/project/boot'
setting 'scala' to '2.9.3'
:: resolving dependencies :: org.scala-tools.sbt#boot-scala;1.0
	confs: [default]
	validate = true
	refresh = false
resolving dependencies for configuration 'default'
== resolving dependencies for org.scala-tools.sbt#boot-scala;1.0 [default]
loadData of org.scala-tools.sbt#boot-scala;1.0 of rootConf=default
== resolving dependencies org.scala-tools.sbt#boot-scala;1.0->org.scala-lang#scala-compiler;2.9.3 [default->default]
loadData of org.scala-lang#scala-compiler;2.9.3 of rootConf=default
	using redefined-public to resolve org.scala-lang#scala-compiler;2.9.3
redefined-public: Checking cache for: dependency: org.scala-lang#scala-compiler;2.9.3 {default=[default]}
redefined-public: no namespace defined: using system
No entry is found in the ModuleDescriptorCache : /home/hadoop/.ivy2/cache/org.scala-lang/scala-compiler/ivy-2.9.3.xml
installing class org.apache.ivy.util.url.IvyAuthenticator
post 1.3 ivy file: using exact as default matcher
	found ivy file in cache for org.scala-lang#scala-compiler;2.9.3 (resolved by redefined-public): /home/hadoop/.ivy2/cache/org.scala-lang/scala-compiler/ivy-2.9.3.xml
redefined-public: module revision found in cache: org.scala-lang#scala-compiler;2.9.3
redefined-public: no latest strategy defined: using default
	found org.scala-lang#scala-compiler;2.9.3 in redefined-public
== resolving dependencies org.scala-tools.sbt#boot-scala;1.0->org.scala-lang#scala-compiler;2.9.3 [default->runtime]
loadData of org.scala-lang#scala-compiler;2.9.3 of rootConf=default
== resolving dependencies org.scala-tools.sbt#boot-scala;1.0->org.scala-lang#scala-compiler;2.9.3 [default->compile]
loadData of org.scala-lang#scala-compiler;2.9.3 of rootConf=default
== resolving dependencies org.scala-lang#scala-compiler;2.9.3->org.scala-lang#scala-library;2.9.3 [compile->master(*)]
loadData of org.scala-lang#scala-library;2.9.3 of rootConf=default
	using redefined-public to resolve org.scala-lang#scala-library;2.9.3
redefined-public: Checking cache for: dependency: org.scala-lang#scala-library;2.9.3 {compile=[compile(*), master(*)], runtime=[runtime(*)]}
No entry is found in the ModuleDescriptorCache : /home/hadoop/.ivy2/cache/org.scala-lang/scala-library/ivy-2.9.3.xml
post 1.3 ivy file: using exact as default matcher
	found ivy file in cache for org.scala-lang#scala-library;2.9.3 (resolved by redefined-public): /home/hadoop/.ivy2/cache/org.scala-lang/scala-library/ivy-2.9.3.xml
redefined-public: module revision found in cache: org.scala-lang#scala-library;2.9.3
	found org.scala-lang#scala-library;2.9.3 in redefined-public
== resolving dependencies org.scala-lang#scala-compiler;2.9.3->org.scala-lang#scala-library;2.9.3 [compile->compile(*)]
loadData of org.scala-lang#scala-library;2.9.3 of rootConf=default
== resolving dependencies org.scala-lang#scala-compiler;2.9.3->org.scala-lang#scala-library;2.9.3 [compile->default]
loadData of org.scala-lang#scala-library;2.9.3 of rootConf=default
== resolving dependencies org.scala-lang#scala-compiler;2.9.3->org.scala-lang#scala-library;2.9.3 [compile->runtime]
loadData of org.scala-lang#scala-library;2.9.3 of rootConf=default
== resolving dependencies org.scala-lang#scala-compiler;2.9.3->org.scala-lang#scala-library;2.9.3 [compile->compile]
loadData of org.scala-lang#scala-library;2.9.3 of rootConf=default
== resolving dependencies org.scala-lang#scala-compiler;2.9.3->org.scala-lang#scala-library;2.9.3 [compile->master]
loadData of org.scala-lang#scala-library;2.9.3 of rootConf=default
== resolving dependencies org.scala-lang#scala-compiler;2.9.3->org.scala-lang#scala-library;2.9.3 [runtime->runtime(*)]
loadData of org.scala-lang#scala-library;2.9.3 of rootConf=default
== resolving dependencies org.scala-lang#scala-compiler;2.9.3->org.scala-lang#scala-library;2.9.3 [runtime->compile]
loadData of org.scala-lang#scala-library;2.9.3 of rootConf=default
default is loaded and no conf to load.  Skip loading
== resolving dependencies org.scala-tools.sbt#boot-scala;1.0->org.scala-lang#scala-compiler;2.9.3 [default->master]
loadData of org.scala-lang#scala-compiler;2.9.3 of rootConf=default
== resolving dependencies org.scala-tools.sbt#boot-scala;1.0->org.scala-lang#scala-library;2.9.3 [default->default]
loadData of org.scala-lang#scala-library;2.9.3 of rootConf=default
default is loaded and no conf to load.  Skip loading
== resolving dependencies org.scala-tools.sbt#boot-scala;1.0->org.scala-lang#scala-library;2.9.3 [default->runtime]
loadData of org.scala-lang#scala-library;2.9.3 of rootConf=default
default is loaded and no conf to load.  Skip loading
== resolving dependencies org.scala-tools.sbt#boot-scala;1.0->org.scala-lang#scala-library;2.9.3 [default->compile]
loadData of org.scala-lang#scala-library;2.9.3 of rootConf=default
default is loaded and no conf to load.  Skip loading
== resolving dependencies org.scala-tools.sbt#boot-scala;1.0->org.scala-lang#scala-library;2.9.3 [default->master]
loadData of org.scala-lang#scala-library;2.9.3 of rootConf=default
default is loaded and no conf to load.  Skip loading
Nbr of module to sort : 2
Sort dependencies of : org.scala-lang#scala-compiler;2.9.3 / Number of dependencies = 2
Sort dependencies of : org.scala-lang#scala-library;2.9.3 / Number of dependencies = 0
Sort done for : org.scala-lang#scala-library;2.9.3
Sort done for : org.scala-lang#scala-compiler;2.9.3
Module descriptor is processed : org.scala-lang#scala-library;2.9.3
	resolved ivy file produced in /home/hadoop/.ivy2/cache/resolved-org.scala-tools.sbt-boot-scala-1.0.xml
:: downloading artifacts ::
	[NOT REQUIRED] org.scala-lang#scala-compiler;2.9.3!scala-compiler.jar
	[NOT REQUIRED] org.scala-lang#scala-library;2.9.3!scala-library.jar
:: resolution report :: resolve 893ms :: artifacts dl 43ms
Nbr of module to sort : 2
Sort dependencies of : org.scala-lang#scala-compiler;2.9.3 / Number of dependencies = 2
Sort dependencies of : org.scala-lang#scala-library;2.9.3 / Number of dependencies = 0
Sort done for : org.scala-lang#scala-library;2.9.3
Sort done for : org.scala-lang#scala-compiler;2.9.3
Module descriptor is processed : org.scala-lang#scala-library;2.9.3
	report for org.scala-tools.sbt#boot-scala;1.0 default produced in /home/hadoop/.ivy2/cache/org.scala-tools.sbt-boot-scala-default.xml
	resolve done (893ms resolve - 43ms download)
:: retrieving :: org.scala-tools.sbt#boot-scala
	checkUpToDate=true
no explicit confs given for retrieve, using ivy file: /home/hadoop/.ivy2/cache/resolved-org.scala-tools.sbt-boot-scala-1.0.xml
using ivy parser to parse /home/hadoop/.ivy2/cache/resolved-org.scala-tools.sbt-boot-scala-1.0.xml
pre 1.3 ivy file: using exactOrRegexp as default matcher
	confs: [default]
	retrieving /home/hadoop/.ivy2/cache/org.scala-lang/scala-compiler/jars/scala-compiler-2.9.3.jar
		to /home/hadoop/amplab/spark-0.7.2/codes/Job/project/boot/scala-2.9.3/lib/scala-compiler.jar
	retrieving /home/hadoop/.ivy2/cache/org.scala-lang/scala-library/jars/scala-library-2.9.3.jar
		to /home/hadoop/amplab/spark-0.7.2/codes/Job/project/boot/scala-2.9.3/lib/scala-library.jar
	2 artifacts copied, 0 already retrieved (20087kB/510ms)
	retrieve done (510ms)
